2022-10-11 11:08:24,431 [Worker-4: Loading available Gradle versions] INFO  o.e.b.c.i.u.g.PublishedGradleVersions - Gradle version information cache is up-to-date. Trying to read.
2022-10-11 11:10:01,432 [Worker-0: Updating Maven Dependencies] INFO  o.e.m.c.i.l.LifecycleMappingFactory - Using org.eclipse.m2e.jdt.JarLifecycleMapping lifecycle mapping for MavenProject: com.totalcross.prototipo:WMW:0.0.1-SNAPSHOT @ D:\Projeto_Final_Wmw\Projeto_Cadastro_De_Clientes_WMW\projeto_integracao_App\pom.xml.
2022-10-11 11:10:01,432 [Worker-11: Building] INFO  o.e.m.c.i.l.LifecycleMappingFactory - Using org.eclipse.m2e.jdt.JarLifecycleMapping lifecycle mapping for MavenProject: com.totalcross.prototipo:WMW:0.0.1-SNAPSHOT @ D:\Projeto_Final_Wmw\Projeto_Cadastro_De_Clientes_WMW\projeto_integracao_App\pom.xml.
2022-10-11 11:10:04,662 [Worker-12: Building] INFO  o.e.m.c.i.embedder.EclipseLogger - Using 'UTF-8' encoding to copy filtered resources.
2022-10-11 11:10:04,685 [Worker-12: Building] INFO  o.e.m.c.i.embedder.EclipseLogger - Copying 4 resources
2022-10-11 11:10:04,930 [Worker-12: Building] INFO  o.e.m.c.i.embedder.EclipseLogger - Using 'UTF-8' encoding to copy filtered resources.
2022-10-11 11:10:04,930 [Worker-12: Building] INFO  o.e.m.c.i.embedder.EclipseLogger - skip non existing resourceDirectory D:\Projeto_Final_Wmw\Projeto_Cadastro_De_Clientes_WMW\projeto_integracao_App\src\test\resources
2022-10-11 11:10:04,934 [Worker-14: Updating Maven Dependencies] INFO  o.e.m.c.i.l.LifecycleMappingFactory - Using org.eclipse.m2e.jdt.JarLifecycleMapping lifecycle mapping for MavenProject: com.totalcross.prototipo:WMW:0.0.1-SNAPSHOT @ D:\Projeto_Final_Wmw\Projeto_Cadastro_De_Clientes_WMW\projeto_integracao_App\pom.xml.
2022-10-11 11:10:08,525 [Worker-2: Building] INFO  o.e.m.c.i.embedder.EclipseLogger - Using 'UTF-8' encoding to copy filtered resources.
2022-10-11 11:10:08,529 [Worker-2: Building] INFO  o.e.m.c.i.embedder.EclipseLogger - Copying 4 resources
2022-10-11 11:10:08,537 [Worker-2: Building] INFO  o.e.m.c.i.embedder.EclipseLogger - Using 'UTF-8' encoding to copy filtered resources.
2022-10-11 11:10:08,537 [Worker-2: Building] INFO  o.e.m.c.i.embedder.EclipseLogger - skip non existing resourceDirectory D:\Projeto_Final_Wmw\Projeto_Cadastro_De_Clientes_WMW\projeto_integracao_App\src\test\resources
2022-10-11 11:10:11,857 [Worker-2: Building] INFO  o.e.m.c.i.l.LifecycleMappingFactory - Using org.eclipse.m2e.jdt.JarLifecycleMapping lifecycle mapping for MavenProject: br.com.wmw:projeto_integracao:0.0.1-SNAPSHOT @ D:\Projeto_Final_Wmw\Projeto_Cadastro_De_Clientes_WMW\projeto_integracao_Web\pom.xml.
2022-10-11 11:10:20,206 [Worker-2: Building] INFO  o.e.m.c.i.embedder.EclipseLogger - Using 'UTF-8' encoding to copy filtered resources.
2022-10-11 11:10:20,206 [Worker-2: Building] INFO  o.e.m.c.i.embedder.EclipseLogger - Using 'UTF-8' encoding to copy filtered properties files.
2022-10-11 11:10:20,207 [Worker-2: Building] INFO  o.e.m.c.i.embedder.EclipseLogger - Copying 1 resource
2022-10-11 11:10:20,226 [Worker-2: Building] INFO  o.e.m.c.i.embedder.EclipseLogger - Copying 5 resources
2022-10-11 11:10:20,238 [Worker-2: Building] INFO  o.e.m.c.i.embedder.EclipseLogger - Not copying test resources
2022-10-11 11:10:23,876 [Worker-12: Building] INFO  o.e.m.c.i.embedder.EclipseLogger - Using 'UTF-8' encoding to copy filtered resources.
2022-10-11 11:10:23,876 [Worker-12: Building] INFO  o.e.m.c.i.embedder.EclipseLogger - Using 'UTF-8' encoding to copy filtered properties files.
2022-10-11 11:10:23,877 [Worker-12: Building] INFO  o.e.m.c.i.embedder.EclipseLogger - Copying 1 resource
2022-10-11 11:10:23,880 [Worker-12: Building] INFO  o.e.m.c.i.embedder.EclipseLogger - Copying 5 resources
2022-10-11 11:10:23,892 [Worker-12: Building] INFO  o.e.m.c.i.embedder.EclipseLogger - Not copying test resources
2022-10-11 11:11:39,116 [Worker-12: Building] INFO  o.e.m.c.i.embedder.EclipseLogger - Using 'UTF-8' encoding to copy filtered resources.
2022-10-11 11:11:39,117 [Worker-12: Building] INFO  o.e.m.c.i.embedder.EclipseLogger - Copying 0 resource
2022-10-11 11:11:39,119 [Worker-12: Building] INFO  o.e.m.c.i.embedder.EclipseLogger - Using 'UTF-8' encoding to copy filtered resources.
2022-10-11 11:11:39,119 [Worker-12: Building] INFO  o.e.m.c.i.embedder.EclipseLogger - skip non existing resourceDirectory D:\Projeto_Final_Wmw\Projeto_Cadastro_De_Clientes_WMW\projeto_integracao_App\src\test\resources
2022-10-11 11:11:39,133 [Worker-12: Building] INFO  o.e.m.c.i.embedder.EclipseLogger - Using 'UTF-8' encoding to copy filtered resources.
2022-10-11 11:11:39,134 [Worker-12: Building] INFO  o.e.m.c.i.embedder.EclipseLogger - Using 'UTF-8' encoding to copy filtered properties files.
2022-10-11 11:11:39,134 [Worker-12: Building] INFO  o.e.m.c.i.embedder.EclipseLogger - Copying 0 resource
2022-10-11 11:11:39,134 [Worker-12: Building] INFO  o.e.m.c.i.embedder.EclipseLogger - Copying 0 resource
2022-10-11 11:11:39,136 [Worker-12: Building] INFO  o.e.m.c.i.embedder.EclipseLogger - Not copying test resources
2022-10-11 11:12:05,570 [Worker-2: Building] INFO  o.e.m.c.i.embedder.EclipseLogger - Using 'UTF-8' encoding to copy filtered resources.
2022-10-11 11:12:05,570 [Worker-2: Building] INFO  o.e.m.c.i.embedder.EclipseLogger - Copying 0 resource
2022-10-11 11:12:05,572 [Worker-2: Building] INFO  o.e.m.c.i.embedder.EclipseLogger - Using 'UTF-8' encoding to copy filtered resources.
2022-10-11 11:12:05,572 [Worker-2: Building] INFO  o.e.m.c.i.embedder.EclipseLogger - skip non existing resourceDirectory D:\Projeto_Final_Wmw\Projeto_Cadastro_De_Clientes_WMW\projeto_integracao_App\src\test\resources
2022-10-11 11:13:21,602 [Worker-14: Building] INFO  o.e.m.c.i.embedder.EclipseLogger - Using 'UTF-8' encoding to copy filtered resources.
2022-10-11 11:13:21,603 [Worker-14: Building] INFO  o.e.m.c.i.embedder.EclipseLogger - Copying 0 resource
2022-10-11 11:13:21,605 [Worker-14: Building] INFO  o.e.m.c.i.embedder.EclipseLogger - Using 'UTF-8' encoding to copy filtered resources.
2022-10-11 11:13:21,605 [Worker-14: Building] INFO  o.e.m.c.i.embedder.EclipseLogger - skip non existing resourceDirectory D:\Projeto_Final_Wmw\Projeto_Cadastro_De_Clientes_WMW\projeto_integracao_App\src\test\resources
2022-10-11 11:32:40,619 [Worker-25: Building] INFO  o.e.m.c.i.l.LifecycleMappingFactory - Using org.eclipse.m2e.jdt.JarLifecycleMapping lifecycle mapping for MavenProject: br.com.wmw:projeto_integracao:0.0.1-SNAPSHOT @ D:\Projeto_Final_Wmw\Projeto_Cadastro_De_Clientes_WMW\projeto_integracao_Web\pom.xml.
2022-10-11 11:32:41,606 [Worker-22: Building] INFO  o.e.m.c.i.embedder.EclipseLogger - Using 'UTF-8' encoding to copy filtered resources.
2022-10-11 11:32:41,606 [Worker-22: Building] INFO  o.e.m.c.i.embedder.EclipseLogger - Using 'UTF-8' encoding to copy filtered properties files.
2022-10-11 11:32:41,607 [Worker-22: Building] INFO  o.e.m.c.i.embedder.EclipseLogger - Copying 1 resource
2022-10-11 11:32:41,621 [Worker-22: Building] INFO  o.e.m.c.i.embedder.EclipseLogger - Copying 5 resources
2022-10-11 11:32:41,624 [Worker-22: Building] INFO  o.e.m.c.i.embedder.EclipseLogger - Not copying test resources
2022-10-11 11:36:04,784 [Worker-23: Updating Maven Project] INFO  o.e.m.c.i.p.ProjectConfigurationManager - Update started
2022-10-11 11:36:05,065 [Worker-23: Updating Maven Project] INFO  o.e.m.c.i.l.LifecycleMappingFactory - Using org.eclipse.m2e.jdt.JarLifecycleMapping lifecycle mapping for MavenProject: com.totalcross.prototipo:WMW:0.0.1-SNAPSHOT @ D:\Projeto_Final_Wmw\Projeto_Cadastro_De_Clientes_WMW\projeto_integracao_App\pom.xml.
2022-10-11 11:36:05,299 [Worker-23: Updating Maven Project] INFO  o.e.m.j.i.AbstractJavaProjectConfigurator - Adding source folder /projeto_integracao_App/src/main/java
2022-10-11 11:36:05,300 [Worker-23: Updating Maven Project] INFO  o.e.m.j.i.AbstractJavaProjectConfigurator - Adding resource folder /projeto_integracao_App/src/main/resources
2022-10-11 11:36:05,301 [Worker-23: Updating Maven Project] INFO  o.e.m.j.i.AbstractJavaProjectConfigurator - Adding source folder /projeto_integracao_App/src/test/java
2022-10-11 11:36:05,489 [Worker-23: Updating Maven Project] INFO  o.e.m.c.i.p.ProjectConfigurationManager - Update completed: 0 sec
2022-10-11 11:36:06,050 [Worker-17: Building] INFO  o.e.m.c.i.embedder.EclipseLogger - Using 'UTF-8' encoding to copy filtered resources.
2022-10-11 11:36:06,052 [Worker-17: Building] INFO  o.e.m.c.i.embedder.EclipseLogger - Copying 4 resources
2022-10-11 11:36:06,070 [Worker-17: Building] INFO  o.e.m.c.i.embedder.EclipseLogger - Using 'UTF-8' encoding to copy filtered resources.
2022-10-11 11:36:06,070 [Worker-17: Building] INFO  o.e.m.c.i.embedder.EclipseLogger - skip non existing resourceDirectory D:\Projeto_Final_Wmw\Projeto_Cadastro_De_Clientes_WMW\projeto_integracao_App\src\test\resources
2022-10-11 11:37:36,673 [Worker-21: Building] INFO  o.e.m.c.i.embedder.EclipseLogger - Using 'UTF-8' encoding to copy filtered resources.
2022-10-11 11:37:36,674 [Worker-21: Building] INFO  o.e.m.c.i.embedder.EclipseLogger - Copying 0 resource
2022-10-11 11:37:36,675 [Worker-21: Building] INFO  o.e.m.c.i.embedder.EclipseLogger - Using 'UTF-8' encoding to copy filtered resources.
2022-10-11 11:37:36,675 [Worker-21: Building] INFO  o.e.m.c.i.embedder.EclipseLogger - skip non existing resourceDirectory D:\Projeto_Final_Wmw\Projeto_Cadastro_De_Clientes_WMW\projeto_integracao_App\src\test\resources
2022-10-11 11:40:00,307 [Worker-26: Building] INFO  o.e.m.c.i.l.LifecycleMappingFactory - Using org.eclipse.m2e.jdt.JarLifecycleMapping lifecycle mapping for MavenProject: br.com.wmw:projeto_integracao:0.0.1-SNAPSHOT @ D:\Projeto_Final_Wmw\Projeto_Cadastro_De_Clientes_WMW\projeto_integracao_Web\pom.xml.
2022-10-11 11:40:01,303 [Worker-22: Building] INFO  o.e.m.c.i.embedder.EclipseLogger - Using 'UTF-8' encoding to copy filtered resources.
2022-10-11 11:40:01,303 [Worker-22: Building] INFO  o.e.m.c.i.embedder.EclipseLogger - Using 'UTF-8' encoding to copy filtered properties files.
2022-10-11 11:40:01,304 [Worker-22: Building] INFO  o.e.m.c.i.embedder.EclipseLogger - Copying 1 resource
2022-10-11 11:40:01,319 [Worker-22: Building] INFO  o.e.m.c.i.embedder.EclipseLogger - Copying 5 resources
2022-10-11 11:40:01,322 [Worker-22: Building] INFO  o.e.m.c.i.embedder.EclipseLogger - Not copying test resources
2022-10-11 12:07:05,014 [Worker-30: Building] INFO  o.e.m.c.i.l.LifecycleMappingFactory - Using org.eclipse.m2e.jdt.JarLifecycleMapping lifecycle mapping for MavenProject: br.com.wmw:projeto_integracao:0.0.1-SNAPSHOT @ D:\Projeto_Final_Wmw\Projeto_Cadastro_De_Clientes_WMW\projeto_integracao_Web\pom.xml.
2022-10-11 12:07:06,016 [Worker-31: Building] INFO  o.e.m.c.i.embedder.EclipseLogger - Using 'UTF-8' encoding to copy filtered resources.
2022-10-11 12:07:06,016 [Worker-31: Building] INFO  o.e.m.c.i.embedder.EclipseLogger - Using 'UTF-8' encoding to copy filtered properties files.
2022-10-11 12:07:06,016 [Worker-31: Building] INFO  o.e.m.c.i.embedder.EclipseLogger - Copying 1 resource
2022-10-11 12:07:06,038 [Worker-31: Building] INFO  o.e.m.c.i.embedder.EclipseLogger - Copying 5 resources
2022-10-11 12:07:06,049 [Worker-31: Building] INFO  o.e.m.c.i.embedder.EclipseLogger - Not copying test resources
2022-10-11 12:07:22,753 [Worker-31: Building] INFO  o.e.m.c.i.l.LifecycleMappingFactory - Using org.eclipse.m2e.jdt.JarLifecycleMapping lifecycle mapping for MavenProject: br.com.wmw:projeto_integracao:0.0.1-SNAPSHOT @ D:\Projeto_Final_Wmw\Projeto_Cadastro_De_Clientes_WMW\projeto_integracao_Web\pom.xml.
2022-10-11 12:07:24,146 [Worker-20: Building] INFO  o.e.m.c.i.embedder.EclipseLogger - Using 'UTF-8' encoding to copy filtered resources.
2022-10-11 12:07:24,146 [Worker-20: Building] INFO  o.e.m.c.i.embedder.EclipseLogger - Using 'UTF-8' encoding to copy filtered properties files.
2022-10-11 12:07:24,147 [Worker-20: Building] INFO  o.e.m.c.i.embedder.EclipseLogger - Copying 1 resource
2022-10-11 12:07:24,169 [Worker-20: Building] INFO  o.e.m.c.i.embedder.EclipseLogger - Copying 5 resources
2022-10-11 12:07:24,172 [Worker-20: Building] INFO  o.e.m.c.i.embedder.EclipseLogger - Not copying test resources
2022-10-11 15:13:14,149 [Worker-3: Loading available Gradle versions] INFO  o.e.b.c.i.u.g.PublishedGradleVersions - Gradle version information cache is out-of-date. Trying to update.
2022-10-11 20:09:57,777 [Worker-57: Building] INFO  o.e.m.c.i.embedder.EclipseLogger - Using 'UTF-8' encoding to copy filtered resources.
2022-10-11 20:09:57,883 [Worker-57: Building] INFO  o.e.m.c.i.embedder.EclipseLogger - Using 'UTF-8' encoding to copy filtered properties files.
2022-10-11 20:09:58,008 [Worker-57: Building] INFO  o.e.m.c.i.embedder.EclipseLogger - Copying 1 resource
2022-10-11 20:09:58,136 [Worker-57: Building] INFO  o.e.m.c.i.embedder.EclipseLogger - Copying 5 resources
2022-10-11 20:09:58,345 [Worker-57: Building] INFO  o.e.m.c.i.embedder.EclipseLogger - Not copying test resources
2022-10-11 20:10:01,384 [Worker-56: Building] INFO  o.e.m.c.i.embedder.EclipseLogger - Using 'UTF-8' encoding to copy filtered resources.
2022-10-11 20:10:01,385 [Worker-56: Building] INFO  o.e.m.c.i.embedder.EclipseLogger - Using 'UTF-8' encoding to copy filtered properties files.
2022-10-11 20:10:01,385 [Worker-56: Building] INFO  o.e.m.c.i.embedder.EclipseLogger - Copying 1 resource
2022-10-11 20:10:02,543 [Worker-56: Building] INFO  o.e.m.c.i.embedder.EclipseLogger - Copying 5 resources
2022-10-11 20:10:02,553 [Worker-56: Building] INFO  o.e.m.c.i.embedder.EclipseLogger - Not copying test resources
